<?xml version="1.0" encoding="UTF-8"?>
<!-- Generated by org.testng.reporters.JUnitReportReporter -->
<testsuite hostname="MC0XTPZC" name="Modules.SeleniumDemo.TestScript.Sample" tests="1" failures="0" timestamp="8 Aug 2016 12:32:21 GMT" time="0.006" errors="0">
  <testcase name="f" time="0.006" classname="Modules.SeleniumDemo.TestScript.Sample"/>
</testsuite> <!-- Modules.SeleniumDemo.TestScript.Sample -->
