<?xml version="1.0" encoding="UTF-8"?>
<!-- Generated by org.testng.reporters.JUnitReportReporter -->
<testsuite hostname="purushottam" name="com.scripts.LoginScenario" tests="1" failures="0" timestamp="6 Dec 2017 09:11:53 GMT" time="119.245" errors="0">
  <testcase name="verifySuccessfulLogin" time="119.245" classname="com.scripts.LoginScenario"/>
</testsuite> <!-- com.scripts.LoginScenario -->
