<?xml version="1.0" encoding="UTF-8"?>
<!-- Generated by org.testng.reporters.JUnitReportReporter -->
<testsuite hostname="purushottam" name="testScripts.TestContactUs" tests="1" failures="0" timestamp="6 Dec 2017 09:16:13 GMT" time="147.882" errors="0">
  <testcase name="verifyContactUs" time="147.882" classname="testScripts.TestContactUs"/>
</testsuite> <!-- testScripts.TestContactUs -->
