<?xml version="1.0" encoding="UTF-8"?>
<!-- Generated by org.testng.reporters.JUnitReportReporter -->
<testsuite name="cucumberRunner.JavaTestRunner" tests="2" time="46.541" ignored="0" failures="0" timestamp="07 Jan 2018 09:21:26 GMT" skipped="0" hostname="Uma-PC" errors="0">
  <testcase name="runScenario" time="22.918" classname="cucumberRunner.JavaTestRunner"/>
  <testcase name="runScenario" time="23.623" classname="cucumberRunner.JavaTestRunner"/>
</testsuite> <!-- cucumberRunner.JavaTestRunner -->
