<?xml version="1.0" encoding="UTF-8"?>
<!-- Generated by org.testng.reporters.JUnitReportReporter -->
<testsuite hostname="din52004853" name="com.cg.test.DemoTest" tests="3" failures="0" timestamp="7 Sep 2020 05:52:17 GMT" time="0.011" errors="0">
  <testcase name="test1" time="0.010" classname="com.cg.test.DemoTest"/>
  <testcase name="test3" time="0.000" classname="com.cg.test.DemoTest"/>
  <testcase name="test2" time="0.001" classname="com.cg.test.DemoTest"/>
</testsuite> <!-- com.cg.test.DemoTest -->
