<?xml version="1.0" encoding="UTF-8"?>
<!-- Generated by org.testng.reporters.JUnitReportReporter -->
<testsuite hostname="din52004853" name="com.cg.test.DemoTestng" tests="3" failures="0" timestamp="7 Sep 2020 19:53:44 GMT" time="0.007" errors="0">
  <testcase name="test2" time="0.004" classname="com.cg.test.DemoTestng"/>
  <testcase name="test1" time="0.002" classname="com.cg.test.DemoTestng"/>
  <testcase name="test3" time="0.001" classname="com.cg.test.DemoTestng"/>
</testsuite> <!-- com.cg.test.DemoTestng -->
