<?xml version="1.0" encoding="UTF-8"?>
<!-- Generated by org.testng.reporters.JUnitReportReporter -->
<testsuite hostname="din52004853" name="com.cg.api.RestAssuredDemoTest" tests="6" failures="0" timestamp="8 Sep 2020 06:35:12 GMT" time="0.572" errors="0">
  <testcase name="checkRequestStatusCode" time="0.001" classname="com.cg.api.RestAssuredDemoTest"/>
  <testcase name="checkStatusLine" time="0.001" classname="com.cg.api.RestAssuredDemoTest"/>
  <testcase name="checkContentType" time="0.006" classname="com.cg.api.RestAssuredDemoTest"/>
  <testcase name="checkName" time="0.549" classname="com.cg.api.RestAssuredDemoTest"/>
  <testcase name="checkName1" time="0.014" classname="com.cg.api.RestAssuredDemoTest"/>
  <testcase name="checkResponseTime" time="0.001" classname="com.cg.api.RestAssuredDemoTest"/>
</testsuite> <!-- com.cg.api.RestAssuredDemoTest -->
