<?xml version="1.0" encoding="UTF-8"?>
<!-- Generated by org.testng.reporters.JUnitReportReporter -->
<testsuite hostname="din52004853" name="com.cg.api.GetSingleData" tests="2" failures="0" timestamp="9 Sep 2020 05:50:30 GMT" time="0.526" errors="0">
  <testcase name="checkData" time="0.525" classname="com.cg.api.GetSingleData"/>
  <testcase name="statusCheck" time="0.001" classname="com.cg.api.GetSingleData"/>
</testsuite> <!-- com.cg.api.GetSingleData -->
