<?xml version="1.0" encoding="UTF-8"?>
<!-- Generated by org.testng.reporters.JUnitReportReporter -->
<testsuite hostname="din52004853" name="com.cg.api.PostDataDriven" tests="3" failures="0" timestamp="9 Sep 2020 05:45:08 GMT" time="4.162" errors="0">
  <testcase name="checkPostResponseStatus" time="0.913" classname="com.cg.api.PostDataDriven"/>
  <testcase name="checkPostResponseStatus" time="1.283" classname="com.cg.api.PostDataDriven"/>
  <testcase name="checkPostResponseStatus" time="1.966" classname="com.cg.api.PostDataDriven"/>
</testsuite> <!-- com.cg.api.PostDataDriven -->
