<?xml version="1.0" encoding="UTF-8"?>
<!-- Generated by org.testng.reporters.JUnitReportReporter -->
<testsuite hostname="din52004853" name="com.cg.api.PostRequest" tests="1" failures="0" timestamp="9 Sep 2020 05:27:04 GMT" time="1.974" errors="0">
  <testcase name="checkPostResposeStatus" time="1.974" classname="com.cg.api.PostRequest"/>
</testsuite> <!-- com.cg.api.PostRequest -->
