<?xml version="1.0" encoding="UTF-8"?>
<!-- Generated by org.testng.reporters.JUnitReportReporter -->
<testsuite hostname="lenovo" name="testScripts.NewTest" tests="3" failures="0" timestamp="25 Jan 2017 14:21:11 GMT" time="0.027" errors="0">
  <testcase name="f" time="0.002" classname="testScripts.NewTest"/>
  <testcase name="f" time="0.001" classname="testScripts.NewTest"/>
  <testcase name="f" time="0.024" classname="testScripts.NewTest"/>
</testsuite> <!-- testScripts.NewTest -->
