<?xml version="1.0" encoding="UTF-8"?>
<!-- Generated by org.testng.reporters.JUnitReportReporter -->
<testsuite hostname="lenovo" name="mavenApp.FirstTest" tests="1" failures="0" timestamp="2 Oct 2016 15:29:21 GMT" time="21.585" errors="0">
  <testcase name="tc_1" time="21.585" classname="mavenApp.FirstTest"/>
</testsuite> <!-- mavenApp.FirstTest -->
