<?xml version="1.0" encoding="UTF-8"?>
<!-- Generated by org.testng.reporters.JUnitReportReporter -->
<testsuite hostname="lenovo" name="testScripts.TestCreate_an_accountPape" tests="1" failures="0" timestamp="5 Nov 2016 09:04:05 GMT" time="41.854" errors="0">
  <testcase name="verifyAccountpage" time="41.854" classname="testScripts.TestCreate_an_accountPape"/>
</testsuite> <!-- testScripts.TestCreate_an_accountPape -->
