<?xml version="1.0" encoding="UTF-8"?>
<!-- Generated by org.testng.reporters.JUnitReportReporter -->
<testsuite hostname="lenovo" name="testScripts.TestContactUsPage" tests="1" failures="0" timestamp="2 Nov 2016 18:23:07 GMT" time="61.718" errors="0">
  <testcase name="verifyContactUs" time="61.718" classname="testScripts.TestContactUsPage"/>
</testsuite> <!-- testScripts.TestContactUsPage -->
