<?xml version="1.0" encoding="UTF-8"?>
<!-- Generated by org.testng.reporters.JUnitReportReporter -->
<testsuite hostname="lenovo" name="fileupload.FileUpload" tests="1" failures="0" timestamp="23 Oct 2016 09:43:08 GMT" time="18.557" errors="0">
  <testcase name="f" time="18.557" classname="fileupload.FileUpload"/>
</testsuite> <!-- fileupload.FileUpload -->
