<?xml version="1.0" encoding="UTF-8"?>
<!-- Generated by org.testng.reporters.JUnitReportReporter -->
<testsuite hostname="lenovo" name="testNG2.ParallelTestExecution1" tests="6" failures="0" timestamp="27 Sep 2016 07:46:44 GMT" time="0.013" errors="0">
  <testcase name="tc_6" time="0.002" classname="testNG2.ParallelTestExecution1"/>
  <testcase name="tc_5" time="0.002" classname="testNG2.ParallelTestExecution1"/>
  <testcase name="tc_4" time="0.005" classname="testNG2.ParallelTestExecution1"/>
  <testcase name="tc_4" time="0.001" classname="testNG2.ParallelTestExecution1"/>
  <testcase name="tc_6" time="0.001" classname="testNG2.ParallelTestExecution1"/>
  <testcase name="tc_5" time="0.002" classname="testNG2.ParallelTestExecution1"/>
</testsuite> <!-- testNG2.ParallelTestExecution1 -->
