<?xml version="1.0" encoding="UTF-8"?>
<!-- Generated by org.testng.reporters.JUnitReportReporter -->
<testsuite hostname="lenovo" name="testNG.Test2" tests="3" failures="0" timestamp="25 Sep 2016 12:23:42 GMT" time="0.009" errors="0">
  <testcase name="tc_4" time="0.002" classname="testNG.Test2"/>
  <testcase name="tc_6" time="0.002" classname="testNG.Test2"/>
  <testcase name="tc_5" time="0.005" classname="testNG.Test2"/>
</testsuite> <!-- testNG.Test2 -->
