<?xml version="1.0" encoding="UTF-8"?>
<!-- Generated by org.testng.reporters.JUnitReportReporter -->
<testsuite hostname="purushottam" name="configurationDemo.TestSeleniuminchrome" tests="1" failures="0" timestamp="24 Aug 2017 10:14:03 GMT" time="41.545" errors="0">
  <testcase name="testchrome" time="41.545" classname="configurationDemo.TestSeleniuminchrome"/>
</testsuite> <!-- configurationDemo.TestSeleniuminchrome -->
