<?xml version="1.0" encoding="UTF-8"?>
<!-- Generated by org.testng.reporters.JUnitReportReporter -->
<testsuite hostname="lenovo" name="testNG.Test3" tests="3" failures="0" timestamp="25 Sep 2016 12:23:42 GMT" time="0.005" errors="0">
  <testcase name="tc_8" time="0.001" classname="testNG.Test3"/>
  <testcase name="tc_9" time="0.002" classname="testNG.Test3"/>
  <testcase name="tc_7" time="0.002" classname="testNG.Test3"/>
</testsuite> <!-- testNG.Test3 -->
