<?xml version="1.0" encoding="UTF-8"?>
<!-- Generated by org.testng.reporters.JUnitReportReporter -->
<testsuite hostname="lenovo" name="testNG5.InformationCommands" tests="1" failures="0" timestamp="6 Oct 2016 15:07:54 GMT" time="0.165" errors="0">
  <testcase name="f" time="0.165" classname="testNG5.InformationCommands"/>
</testsuite> <!-- testNG5.InformationCommands -->
