<?xml version="1.0" encoding="UTF-8"?>
<!-- Generated by org.testng.reporters.JUnitReportReporter -->
<testsuite hostname="lenovo" name="testNG.VerifyAppTitle" tests="1" failures="0" timestamp="20 Oct 2016 09:36:52 GMT" time="39.461" errors="0">
  <testcase name="f" time="39.461" classname="testNG.VerifyAppTitle"/>
</testsuite> <!-- testNG.VerifyAppTitle -->
