<?xml version="1.0" encoding="UTF-8"?>
<!-- Generated by org.testng.reporters.JUnitReportReporter -->
<testsuite hostname="lenovo" name="testNG1.InboxTest" tests="3" failures="0" timestamp="25 Sep 2016 12:43:06 GMT" time="0.011" errors="0">
  <testcase name="tc_4" time="0.002" classname="testNG1.InboxTest"/>
  <testcase name="tc_6" time="0.004" classname="testNG1.InboxTest"/>
  <testcase name="tc_5" time="0.005" classname="testNG1.InboxTest"/>
</testsuite> <!-- testNG1.InboxTest -->
