<?xml version="1.0" encoding="UTF-8"?>
<!-- Generated by org.testng.reporters.JUnitReportReporter -->
<testsuite hostname="lenovo" name="testNG5.verifyAlert" tests="2" failures="0" timestamp="28 Oct 2016 06:28:14 GMT" time="26.136" errors="0">
  <testcase name="f" time="21.212" classname="testNG5.verifyAlert"/>
  <testcase name="verify_PopUp" time="4.924" classname="testNG5.verifyAlert"/>
</testsuite> <!-- testNG5.verifyAlert -->
