<?xml version="1.0" encoding="UTF-8"?>
<!-- Generated by org.testng.reporters.JUnitReportReporter -->
<testsuite hostname="lenovo" name="testNG3.TestGroup3" tests="3" failures="0" timestamp="26 Sep 2016 09:22:57 GMT" time="0.004" errors="0">
  <testcase name="tc_9" time="0.001" classname="testNG3.TestGroup3"/>
  <testcase name="tc_7" time="0.002" classname="testNG3.TestGroup3"/>
  <testcase name="tc_8" time="0.001" classname="testNG3.TestGroup3"/>
</testsuite> <!-- testNG3.TestGroup3 -->
