<?xml version="1.0" encoding="UTF-8"?>
<!-- Generated by org.testng.reporters.JUnitReportReporter -->
<testsuite hostname="lenovo" name="testNG.TestDataProvider" tests="3" failures="0" timestamp="23 Oct 2016 13:46:53 GMT" time="0.018" errors="0">
  <testcase name="f" time="0.012" classname="testNG.TestDataProvider"/>
  <testcase name="f" time="0.003" classname="testNG.TestDataProvider"/>
  <testcase name="f" time="0.003" classname="testNG.TestDataProvider"/>
</testsuite> <!-- testNG.TestDataProvider -->
