<?xml version="1.0" encoding="UTF-8"?>
<!-- Generated by org.testng.reporters.JUnitReportReporter -->
<testsuite hostname="lenovo" name="learningLog4j.TestLog4j" tests="1" failures="0" timestamp="16 Nov 2016 08:30:46 GMT" time="24.743" errors="0">
  <testcase name="testLog" time="24.743" classname="learningLog4j.TestLog4j"/>
</testsuite> <!-- learningLog4j.TestLog4j -->
