<?xml version="1.0" encoding="UTF-8"?>
<!-- Generated by org.testng.reporters.JUnitReportReporter -->
<testsuite hostname="lenovo" name="selenium_Scripts.ScrollPage" tests="1" failures="0" timestamp="21 Oct 2016 09:27:15 GMT" time="44.093" errors="0">
  <testcase name="f" time="44.093" classname="selenium_Scripts.ScrollPage"/>
</testsuite> <!-- selenium_Scripts.ScrollPage -->
