<?xml version="1.0" encoding="UTF-8"?>
<!-- Generated by org.testng.reporters.JUnitReportReporter -->
<testsuite hostname="lenovo" name="fileDownload.downloadingfile" tests="1" failures="0" timestamp="3 Dec 2016 09:01:46 GMT" time="42.991" errors="0">
  <testcase name="f" time="42.991" classname="fileDownload.downloadingfile"/>
</testsuite> <!-- fileDownload.downloadingfile -->
