<?xml version="1.0" encoding="UTF-8"?>
<!-- Generated by org.testng.reporters.JUnitReportReporter -->
<testsuite hostname="lenovo" name="testNG5.ReadingValuesFromDropDown" tests="1" failures="0" timestamp="6 Oct 2016 15:35:14 GMT" time="0.483" errors="0">
  <testcase name="f" time="0.483" classname="testNG5.ReadingValuesFromDropDown"/>
</testsuite> <!-- testNG5.ReadingValuesFromDropDown -->
