<?xml version="1.0" encoding="UTF-8"?>
<!-- Generated by org.testng.reporters.JUnitReportReporter -->
<testsuite hostname="purushottam" name="assertionDemo.AssertionDemo" tests="2" failures="0" timestamp="11 Sep 2017 03:38:58 GMT" time="0.019" errors="0">
  <testcase name="testAddition" time="0.016" classname="assertionDemo.AssertionDemo"/>
  <testcase name="testDivision" time="0.003" classname="assertionDemo.AssertionDemo"/>
</testsuite> <!-- assertionDemo.AssertionDemo -->
