<?xml version="1.0" encoding="UTF-8"?>
<!-- Generated by org.testng.reporters.JUnitReportReporter -->
<testsuite hostname="purushottam" name="com.wordpress.testcaes.Verify_Valid_LoginPF" tests="1" failures="0" timestamp="20 Jun 2018 17:33:42 GMT" time="61.059" errors="0">
  <testcase name="check_valid_User" time="61.059" classname="com.wordpress.testcaes.Verify_Valid_LoginPF"/>
</testsuite> <!-- com.wordpress.testcaes.Verify_Valid_LoginPF -->
