<?xml version="1.0" encoding="UTF-8"?>
<!-- Generated by org.testng.reporters.JUnitReportReporter -->
<testsuite hostname="lenovo" name="singleton_driver.FirstTest" tests="1" failures="0" timestamp="9 Mar 2017 08:01:40 GMT" time="7.963" errors="0">
  <testcase name="test1" time="7.963" classname="singleton_driver.FirstTest"/>
</testsuite> <!-- singleton_driver.FirstTest -->
