<?xml version="1.0" encoding="UTF-8"?>
<!-- Generated by org.testng.reporters.JUnitReportReporter -->
<testsuite hostname="lenovo" name="seleniumProject.TestNGDemo" tests="1" failures="0" timestamp="23 Sep 2016 15:32:07 GMT" time="81.541" errors="0">
  <testcase name="verifyUsernameField" time="81.541" classname="seleniumProject.TestNGDemo"/>
</testsuite> <!-- seleniumProject.TestNGDemo -->
