<?xml version="1.0" encoding="UTF-8"?>
<!-- Generated by org.testng.reporters.JUnitReportReporter -->
<testsuite hostname="lenovo" name="seleniumProject.TestNGClass" tests="3" failures="0" timestamp="23 Sep 2016 13:58:41 GMT" time="0.012" errors="0">
  <testcase name="TC_2" time="0.002" classname="seleniumProject.TestNGClass"/>
  <testcase name="TC_3" time="0.003" classname="seleniumProject.TestNGClass"/>
  <testcase name="TC_1" time="0.007" classname="seleniumProject.TestNGClass"/>
</testsuite> <!-- seleniumProject.TestNGClass -->
