<?xml version="1.0" encoding="UTF-8"?>
<!-- Generated by org.testng.reporters.JUnitReportReporter -->
<testsuite hostname="lenovo" name="seleniumProject.TestXmlDemo" tests="1" failures="0" timestamp="23 Sep 2016 13:58:41 GMT" time="0.003" errors="0">
  <testcase name="f" time="0.003" classname="seleniumProject.TestXmlDemo"/>
</testsuite> <!-- seleniumProject.TestXmlDemo -->
