<?xml version="1.0" encoding="UTF-8"?>
<!-- Generated by org.testng.reporters.JUnitReportReporter -->
<testsuite hostname="purushottam" name="assertionDemo.TestContactUsPage" tests="1" failures="0" timestamp="13 Sep 2017 15:14:27 GMT" time="63.897" errors="0">
  <testcase name="clickOnContactusPage" time="63.897" classname="assertionDemo.TestContactUsPage"/>
</testsuite> <!-- assertionDemo.TestContactUsPage -->
