<?xml version="1.0" encoding="UTF-8"?>
<!-- Generated by org.testng.reporters.JUnitReportReporter -->
<testsuite hostname="lenovo" name="selenium_Scripts.TestDrag_Drop" tests="1" failures="0" timestamp="3 Dec 2016 08:45:31 GMT" time="24.292" errors="0">
  <testcase name="f" time="24.292" classname="selenium_Scripts.TestDrag_Drop"/>
</testsuite> <!-- selenium_Scripts.TestDrag_Drop -->
