<?xml version="1.0" encoding="UTF-8"?>
<!-- Generated by org.testng.reporters.JUnitReportReporter -->
<testsuite hostname="lenovo" name="testNG3.TestGroup2" tests="3" failures="0" timestamp="26 Sep 2016 09:22:57 GMT" time="0.007" errors="0">
  <testcase name="tc_4" time="0.002" classname="testNG3.TestGroup2"/>
  <testcase name="tc_5" time="0.002" classname="testNG3.TestGroup2"/>
  <testcase name="tc_6" time="0.003" classname="testNG3.TestGroup2"/>
</testsuite> <!-- testNG3.TestGroup2 -->
