<?xml version="1.0" encoding="UTF-8"?>
<!-- Generated by org.testng.reporters.JUnitReportReporter -->
<testsuite hostname="lenovo" name="testNG1.LoginTest" tests="3" failures="0" timestamp="25 Sep 2016 12:43:06 GMT" time="0.021" errors="0">
  <testcase name="tc_2" time="0.004" classname="testNG1.LoginTest"/>
  <testcase name="tc_3" time="0.003" classname="testNG1.LoginTest"/>
  <testcase name="tc_1" time="0.014" classname="testNG1.LoginTest"/>
</testsuite> <!-- testNG1.LoginTest -->
