<?xml version="1.0" encoding="UTF-8"?>
<!-- Generated by org.testng.reporters.JUnitReportReporter -->
<testsuite hostname="lenovo" name="testNG5.DataProviderDemoOne" tests="2" failures="0" timestamp="11 Dec 2016 05:49:30 GMT" time="0.016" errors="0">
  <testcase name="f" time="0.003" classname="testNG5.DataProviderDemoOne"/>
  <testcase name="f" time="0.013" classname="testNG5.DataProviderDemoOne"/>
</testsuite> <!-- testNG5.DataProviderDemoOne -->
