<?xml version="1.0" encoding="UTF-8"?>
<!-- Generated by org.testng.reporters.JUnitReportReporter -->
<testsuite hostname="lenovo" name="testNG5.DataProviderDemo" tests="2" failures="0" timestamp="11 Dec 2016 06:11:41 GMT" time="0.015" errors="0">
  <testcase name="f" time="0.003" classname="testNG5.DataProviderDemo"/>
  <testcase name="f" time="0.012" classname="testNG5.DataProviderDemo"/>
</testsuite> <!-- testNG5.DataProviderDemo -->
