<?xml version="1.0" encoding="UTF-8"?>
<!-- Generated by org.testng.reporters.JUnitReportReporter -->
<testsuite hostname="lenovo" name="testNG.Test1" tests="3" failures="0" timestamp="25 Sep 2016 12:23:42 GMT" time="0.024" errors="0">
  <testcase name="tc_2" time="0.003" classname="testNG.Test1"/>
  <testcase name="tc_3" time="0.004" classname="testNG.Test1"/>
  <testcase name="tc_1" time="0.017" classname="testNG.Test1"/>
</testsuite> <!-- testNG.Test1 -->
