<?xml version="1.0" encoding="UTF-8"?>
<!-- Generated by org.testng.reporters.JUnitReportReporter -->
<testsuite hostname="lenovo" name="testNG5.TestWindowDemo" tests="1" failures="0" timestamp="6 Nov 2016 10:42:44 GMT" time="39.631" errors="0">
  <testcase name="element" time="39.631" classname="testNG5.TestWindowDemo"/>
</testsuite> <!-- testNG5.TestWindowDemo -->
