<?xml version="1.0" encoding="UTF-8"?>
<!-- Generated by org.testng.reporters.JUnitReportReporter -->
<testsuite hostname="lenovo" name="seleniumProject.ParameterisedDemo" tests="2" failures="0" timestamp="25 Oct 2016 13:49:06 GMT" time="0.019" errors="0">
  <testcase name="testOne" time="0.017" classname="seleniumProject.ParameterisedDemo"/>
  <testcase name="testTwo" time="0.002" classname="seleniumProject.ParameterisedDemo"/>
</testsuite> <!-- seleniumProject.ParameterisedDemo -->
