<?xml version="1.0" encoding="UTF-8"?>
<!-- Generated by org.testng.reporters.JUnitReportReporter -->
<testsuite hostname="lenovo" name="testNG5.PrintLinks" tests="1" failures="0" timestamp="6 Oct 2016 15:48:00 GMT" time="2.665" errors="0">
  <testcase name="f" time="2.665" classname="testNG5.PrintLinks"/>
</testsuite> <!-- testNG5.PrintLinks -->
