<?xml version="1.0" encoding="UTF-8"?>
<!-- Generated by org.testng.reporters.JUnitReportReporter -->
<testsuite hostname="purushottam" name="assertionDemo.TitleVerifyTest" tests="1" failures="0" timestamp="20 Nov 2017 15:09:18 GMT" time="53.317" errors="0">
  <testcase name="f" time="53.317" classname="assertionDemo.TitleVerifyTest"/>
</testsuite> <!-- assertionDemo.TitleVerifyTest -->
