<?xml version="1.0" encoding="UTF-8"?>
<!-- Generated by org.testng.reporters.JUnitReportReporter -->
<testsuite hostname="lenovo" name="testNG1.SentMailTest" tests="3" failures="0" timestamp="25 Sep 2016 12:43:06 GMT" time="0.026" errors="0">
  <testcase name="tc_8" time="0.005" classname="testNG1.SentMailTest"/>
  <testcase name="tc_9" time="0.018" classname="testNG1.SentMailTest"/>
  <testcase name="tc_7" time="0.003" classname="testNG1.SentMailTest"/>
</testsuite> <!-- testNG1.SentMailTest -->
