<?xml version="1.0" encoding="UTF-8"?>
<!-- Generated by org.testng.reporters.JUnitReportReporter -->
<testsuite hostname="purushottam" name="configurationDemo.TestSeleniumBlog" tests="1" failures="0" timestamp="24 Aug 2017 09:59:17 GMT" time="0.015" errors="0">
  <testcase name="testConfig" time="0.015" classname="configurationDemo.TestSeleniumBlog"/>
</testsuite> <!-- configurationDemo.TestSeleniumBlog -->
