<?xml version="1.0" encoding="UTF-8"?>
<!-- Generated by org.testng.reporters.JUnitReportReporter -->
<testsuite hostname="purushottam" name="testNGFramework.TestDemo" tests="1" failures="0" timestamp="25 Nov 2019 17:37:42 GMT" time="0.021" errors="0">
  <testcase name="demo" time="0.021" classname="testNGFramework.TestDemo"/>
</testsuite> <!-- testNGFramework.TestDemo -->
