<?xml version="1.0" encoding="UTF-8"?>
<!-- Generated by org.testng.reporters.JUnitReportReporter -->
<testsuite hostname="lenovo-PC" name="executionEngine.DriverScript" tests="1" failures="0" timestamp="14 Nov 2016 07:59:49 GMT" time="0.803" errors="0">
  <testcase name="DriverUp" time="0.803" classname="executionEngine.DriverScript"/>
</testsuite> <!-- executionEngine.DriverScript -->
