<?xml version="1.0" encoding="UTF-8"?>
<!-- Generated by org.testng.reporters.JUnitReportReporter -->
<testsuite hostname="purushottam" name="com.scripts.LoginScenario" tests="1" failures="0" timestamp="6 Dec 2017 09:03:50 GMT" time="0.001" errors="1">
  <testcase name="verifySuccessfulLogin" time="0.001" classname="com.scripts.LoginScenario">
    <error type="org.openqa.selenium.WebDriverException" message="Failed to connect to binary FirefoxBinary(C:\Program Files (x86)\Mozilla Firefox\firefox.exe) on port 7055; process output follows: 
18FBuZk&quot;,&quot;location&quot;:&quot;app-system-defaults&quot;,&quot;version&quot;:&quot;0.1&quot;,&quot;type&quot;:&quot;extension&quot;,&quot;internalName&quot;:null,&quot;updateURL&quot;:null,&quot;updateKey&quot;:null,&quot;optionsURL&quot;:null,&quot;optionsType&quot;:null,&quot;aboutURL&quot;:null,&quot;icons&quot;:{},&quot;iconURL&quot;:null,&quot;icon64URL&quot;:null,&quot;defaultLocale&quot;:{&quot;name&quot;:&quot;Firefox Hello Beta&quot;,&quot;description&quot;:&quot;Web sharing for Firefox&quot;,&quot;creator&quot;:&quot;Mozilla&quot;,&quot;homepageURL&quot;:null},&quot;visible&quot;:true,&quot;active&quot;:true,&quot;userDisabled&quot;:false,&quot;appDisabled&quot;:false,&quot;descriptor&quot;:&quot;C:\\Program Files (x86)\\Mozilla Firefox\\browser\\features\\loop@mozilla.org.xpi&quot;,&quot;installDate&quot;:1457051706000,&quot;updateDate&quot;:1457051706000,&quot;applyBackgroundUpdates&quot;:1,&quot;bootstrap&quot;:true,&quot;skinnable&quot;:false,&quot;size&quot;:3086125,&quot;sourceURI&quot;:null,&quot;releaseNotesURI&quot;:null,&quot;softDisabled&quot;:false,&quot;foreignInstall&quot;:false,&quot;hasBinaryComponents&quot;:false,&quot;strictCompatibility&quot;:false,&quot;locales&quot;:[],&quot;targetApplications&quot;:[{&quot;id&quot;:&quot;{ec8030f7-c20a-464f-9b0e-13a3a9e97384}&quot;,&quot;minVersion&quot;:&quot;45.0a1&quot;,&quot;maxVersion&quot;:&quot;45.0&quot;},{&quot;id&quot;:&quot;xpcshell@tests.mozilla.org&quot;,&quot;minVersion&quot;:&quot;0&quot;,&quot;maxVersion&quot;:&quot;10&quot;}],&quot;targetPlatforms&quot;:[],&quot;multiprocessCompatible&quot;:false,&quot;seen&quot;:true}
1512550996088	addons.xpi	DEBUG	getModTime: Recursive scan of loop@mozilla.org
1512550996088	addons.xpi	DEBUG	Updating XPIState for {&quot;id&quot;:&quot;{972ce4c6-7e08-4474-a285-3208198ce6fd}&quot;,&quot;syncGUID&quot;:&quot;3wdWfYrxMbZn&quot;,&quot;location&quot;:&quot;app-global&quot;,&quot;version&quot;:&quot;45.0&quot;,&quot;type&quot;:&quot;theme&quot;,&quot;internalName&quot;:&quot;classic/1.0&quot;,&quot;updateURL&quot;:null,&quot;updateKey&quot;:null,&quot;optionsURL&quot;:null,&quot;optionsType&quot;:null,&quot;aboutURL&quot;:null,&quot;icons&quot;:{&quot;32&quot;:&quot;icon.png&quot;,&quot;48&quot;:&quot;icon.png&quot;},&quot;iconURL&quot;:null,&quot;icon64URL&quot;:null,&quot;defaultLocale&quot;:{&quot;name&quot;:&quot;Default&quot;,&quot;description&quot;:&quot;The default theme.&quot;,&quot;creator&quot;:&quot;Mozilla&quot;,&quot;homepageURL&quot;:null,&quot;contributors&quot;:[&quot;Mozilla Contributors&quot;]},&quot;visible&quot;:true,&quot;active&quot;:true,&quot;userDisabled&quot;:false,&quot;appDisabled&quot;:false,&quot;descriptor&quot;:&quot;C:\\Program Files (x86)\\Mozilla Firefox\\browser\\extensions\\{972ce4c6-7e08-4474-a285-3208198ce6fd}.xpi&quot;,&quot;installDate&quot;:1457051706000,&quot;updateDate&quot;:1457051706000,&quot;applyBackgroundUpdates&quot;:1,&quot;skinnable&quot;:true,&quot;size&quot;:22006,&quot;sourceURI&quot;:null,&quot;releaseNotesURI&quot;:null,&quot;softDisabled&quot;:false,&quot;foreignInstall&quot;:false,&quot;hasBinaryComponents&quot;:false,&quot;strictCompatibility&quot;:true,&quot;locales&quot;:[],&quot;targetApplications&quot;:[{&quot;id&quot;:&quot;{ec8030f7-c20a-464f-9b0e-13a3a9e97384}&quot;,&quot;minVersion&quot;:&quot;45.0&quot;,&quot;maxVersion&quot;:&quot;45.0&quot;}],&quot;targetPlatforms&quot;:[],&quot;seen&quot;:true}
1512550996089	addons.xpi	DEBUG	getModTime: Recursive scan of {972ce4c6-7e08-4474-a285-3208198ce6fd}
1512550996090	DeferredSave.extensions.json	DEBUG	Save changes
1512550996090	addons.xpi	DEBUG	Updating database with changes to installed add-ons
1512550996090	addons.xpi-utils	DEBUG	Updating add-on states
1512550996093	addons.xpi-utils	DEBUG	Writing add-ons list
1512550996100	addons.xpi	DEBUG	Registering manifest for C:\Program Files (x86)\Mozilla Firefox\browser\features\loop@mozilla.org.xpi
1512550996102	addons.xpi	DEBUG	Calling bootstrap method startup on loop@mozilla.org version 0.1
1512550996132	addons.manager	DEBUG	Starting provider: &lt;unnamed-provider&gt;
1512550996133	addons.manager	DEBUG	Registering shutdown blocker for &lt;unnamed-provider&gt;
1512550996133	addons.manager	DEBUG	Provider finished startup: &lt;unnamed-provider&gt;
1512550996247	addons.manager	DEBUG	Registering shutdown blocker for XPIProvider
1512550996247	addons.manager	DEBUG	Provider finished startup: XPIProvider
1512550996248	addons.manager	DEBUG	Starting provider: LightweightThemeManager
1512550996248	addons.manager	DEBUG	Registering shutdown blocker for LightweightThemeManager
1512550996249	addons.manager	DEBUG	Provider finished startup: LightweightThemeManager
1512550996250	addons.manager	DEBUG	Starting provider: GMPProvider
1512550996282	addons.manager	DEBUG	Registering shutdown blocker for GMPProvider
1512550996283	addons.manager	DEBUG	Provider finished startup: GMPProvider
1512550996283	addons.manager	DEBUG	Starting provider: PluginProvider
1512550996283	addons.manager	DEBUG	Registering shutdown blocker for PluginProvider
1512550996283	addons.manager	DEBUG	Provider finished startup: PluginProvider
1512550996284	addons.manager	DEBUG	Completed startup sequence
1512551006370	DeferredSave.extensions.json	DEBUG	Starting write

Build info: version: &#039;2.53.1&#039;, revision: &#039;a36b8b1cd5757287168e54b817830adce9b0158d&#039;, time: &#039;2016-06-30 19:26:09&#039;
System info: host: &#039;purushottam&#039;, ip: &#039;192.168.230.2&#039;, os.name: &#039;Windows 8.1&#039;, os.arch: &#039;amd64&#039;, os.version: &#039;6.3&#039;, java.version: &#039;1.8.0_131&#039;
Driver info: driver.version: FirefoxDriver">
      <![CDATA[org.openqa.selenium.WebDriverException: Failed to connect to binary FirefoxBinary(C:\Program Files (x86)\Mozilla Firefox\firefox.exe) on port 7055; process output follows: 
18FBuZk","location":"app-system-defaults","version":"0.1","type":"extension","internalName":null,"updateURL":null,"updateKey":null,"optionsURL":null,"optionsType":null,"aboutURL":null,"icons":{},"iconURL":null,"icon64URL":null,"defaultLocale":{"name":"Firefox Hello Beta","description":"Web sharing for Firefox","creator":"Mozilla","homepageURL":null},"visible":true,"active":true,"userDisabled":false,"appDisabled":false,"descriptor":"C:\\Program Files (x86)\\Mozilla Firefox\\browser\\features\\loop@mozilla.org.xpi","installDate":1457051706000,"updateDate":1457051706000,"applyBackgroundUpdates":1,"bootstrap":true,"skinnable":false,"size":3086125,"sourceURI":null,"releaseNotesURI":null,"softDisabled":false,"foreignInstall":false,"hasBinaryComponents":false,"strictCompatibility":false,"locales":[],"targetApplications":[{"id":"{ec8030f7-c20a-464f-9b0e-13a3a9e97384}","minVersion":"45.0a1","maxVersion":"45.0"},{"id":"xpcshell@tests.mozilla.org","minVersion":"0","maxVersion":"10"}],"targetPlatforms":[],"multiprocessCompatible":false,"seen":true}
1512550996088	addons.xpi	DEBUG	getModTime: Recursive scan of loop@mozilla.org
1512550996088	addons.xpi	DEBUG	Updating XPIState for {"id":"{972ce4c6-7e08-4474-a285-3208198ce6fd}","syncGUID":"3wdWfYrxMbZn","location":"app-global","version":"45.0","type":"theme","internalName":"classic/1.0","updateURL":null,"updateKey":null,"optionsURL":null,"optionsType":null,"aboutURL":null,"icons":{"32":"icon.png","48":"icon.png"},"iconURL":null,"icon64URL":null,"defaultLocale":{"name":"Default","description":"The default theme.","creator":"Mozilla","homepageURL":null,"contributors":["Mozilla Contributors"]},"visible":true,"active":true,"userDisabled":false,"appDisabled":false,"descriptor":"C:\\Program Files (x86)\\Mozilla Firefox\\browser\\extensions\\{972ce4c6-7e08-4474-a285-3208198ce6fd}.xpi","installDate":1457051706000,"updateDate":1457051706000,"applyBackgroundUpdates":1,"skinnable":true,"size":22006,"sourceURI":null,"releaseNotesURI":null,"softDisabled":false,"foreignInstall":false,"hasBinaryComponents":false,"strictCompatibility":true,"locales":[],"targetApplications":[{"id":"{ec8030f7-c20a-464f-9b0e-13a3a9e97384}","minVersion":"45.0","maxVersion":"45.0"}],"targetPlatforms":[],"seen":true}
1512550996089	addons.xpi	DEBUG	getModTime: Recursive scan of {972ce4c6-7e08-4474-a285-3208198ce6fd}
1512550996090	DeferredSave.extensions.json	DEBUG	Save changes
1512550996090	addons.xpi	DEBUG	Updating database with changes to installed add-ons
1512550996090	addons.xpi-utils	DEBUG	Updating add-on states
1512550996093	addons.xpi-utils	DEBUG	Writing add-ons list
1512550996100	addons.xpi	DEBUG	Registering manifest for C:\Program Files (x86)\Mozilla Firefox\browser\features\loop@mozilla.org.xpi
1512550996102	addons.xpi	DEBUG	Calling bootstrap method startup on loop@mozilla.org version 0.1
1512550996132	addons.manager	DEBUG	Starting provider: <unnamed-provider>
1512550996133	addons.manager	DEBUG	Registering shutdown blocker for <unnamed-provider>
1512550996133	addons.manager	DEBUG	Provider finished startup: <unnamed-provider>
1512550996247	addons.manager	DEBUG	Registering shutdown blocker for XPIProvider
1512550996247	addons.manager	DEBUG	Provider finished startup: XPIProvider
1512550996248	addons.manager	DEBUG	Starting provider: LightweightThemeManager
1512550996248	addons.manager	DEBUG	Registering shutdown blocker for LightweightThemeManager
1512550996249	addons.manager	DEBUG	Provider finished startup: LightweightThemeManager
1512550996250	addons.manager	DEBUG	Starting provider: GMPProvider
1512550996282	addons.manager	DEBUG	Registering shutdown blocker for GMPProvider
1512550996283	addons.manager	DEBUG	Provider finished startup: GMPProvider
1512550996283	addons.manager	DEBUG	Starting provider: PluginProvider
1512550996283	addons.manager	DEBUG	Registering shutdown blocker for PluginProvider
1512550996283	addons.manager	DEBUG	Provider finished startup: PluginProvider
1512550996284	addons.manager	DEBUG	Completed startup sequence
1512551006370	DeferredSave.extensions.json	DEBUG	Starting write

Build info: version: '2.53.1', revision: 'a36b8b1cd5757287168e54b817830adce9b0158d', time: '2016-06-30 19:26:09'
System info: host: 'purushottam', ip: '192.168.230.2', os.name: 'Windows 8.1', os.arch: 'amd64', os.version: '6.3', java.version: '1.8.0_131'
Driver info: driver.version: FirefoxDriver
	at org.openqa.selenium.firefox.internal.NewProfileExtensionConnection.start(NewProfileExtensionConnection.java:125)
	at org.openqa.selenium.firefox.FirefoxDriver.startClient(FirefoxDriver.java:271)
	at org.openqa.selenium.remote.RemoteWebDriver.<init>(RemoteWebDriver.java:119)
	at org.openqa.selenium.firefox.FirefoxDriver.<init>(FirefoxDriver.java:216)
	at org.openqa.selenium.firefox.FirefoxDriver.<init>(FirefoxDriver.java:211)
	at org.openqa.selenium.firefox.FirefoxDriver.<init>(FirefoxDriver.java:207)
	at org.openqa.selenium.firefox.FirefoxDriver.<init>(FirefoxDriver.java:120)
	at com.utilities.SeleniumUtils.openBrowser(SeleniumUtils.java:22)
	at com.scripts.LoginScenario.setUP(LoginScenario.java:22)
	at sun.reflect.NativeMethodAccessorImpl.invoke0(Native Method)
	at sun.reflect.NativeMethodAccessorImpl.invoke(Unknown Source)
	at sun.reflect.DelegatingMethodAccessorImpl.invoke(Unknown Source)
	at java.lang.reflect.Method.invoke(Unknown Source)
	at org.testng.internal.MethodInvocationHelper.invokeMethod(MethodInvocationHelper.java:86)
	at org.testng.internal.Invoker.invokeConfigurationMethod(Invoker.java:514)
	at org.testng.internal.Invoker.invokeConfigurations(Invoker.java:215)
	at org.testng.internal.Invoker.invokeMethod(Invoker.java:589)
	at org.testng.internal.Invoker.invokeTestMethod(Invoker.java:820)
	at org.testng.internal.Invoker.invokeTestMethods(Invoker.java:1128)
	at org.testng.internal.TestMethodWorker.invokeTestMethods(TestMethodWorker.java:129)
	at org.testng.internal.TestMethodWorker.run(TestMethodWorker.java:112)
	at org.testng.TestRunner.privateRun(TestRunner.java:782)
	at org.testng.TestRunner.run(TestRunner.java:632)
	at org.testng.SuiteRunner.runTest(SuiteRunner.java:366)
	at org.testng.SuiteRunner.runSequentially(SuiteRunner.java:361)
	at org.testng.SuiteRunner.privateRun(SuiteRunner.java:319)
	at org.testng.SuiteRunner.run(SuiteRunner.java:268)
	at org.testng.SuiteRunnerWorker.runSuite(SuiteRunnerWorker.java:52)
	at org.testng.SuiteRunnerWorker.run(SuiteRunnerWorker.java:86)
	at org.testng.TestNG.runSuitesSequentially(TestNG.java:1244)
	at org.testng.TestNG.runSuitesLocally(TestNG.java:1169)
	at org.testng.TestNG.run(TestNG.java:1064)
	at org.testng.remote.AbstractRemoteTestNG.run(AbstractRemoteTestNG.java:132)
	at org.testng.remote.RemoteTestNG.initAndRun(RemoteTestNG.java:236)
	at org.testng.remote.RemoteTestNG.main(RemoteTestNG.java:81)
Caused by: org.openqa.selenium.firefox.NotConnectedException: Unable to connect to host 127.0.0.1 on port 7055 after 45000 ms. Firefox console output:
18FBuZk","location":"app-system-defaults","version":"0.1","type":"extension","internalName":null,"updateURL":null,"updateKey":null,"optionsURL":null,"optionsType":null,"aboutURL":null,"icons":{},"iconURL":null,"icon64URL":null,"defaultLocale":{"name":"Firefox Hello Beta","description":"Web sharing for Firefox","creator":"Mozilla","homepageURL":null},"visible":true,"active":true,"userDisabled":false,"appDisabled":false,"descriptor":"C:\\Program Files (x86)\\Mozilla Firefox\\browser\\features\\loop@mozilla.org.xpi","installDate":1457051706000,"updateDate":1457051706000,"applyBackgroundUpdates":1,"bootstrap":true,"skinnable":false,"size":3086125,"sourceURI":null,"releaseNotesURI":null,"softDisabled":false,"foreignInstall":false,"hasBinaryComponents":false,"strictCompatibility":false,"locales":[],"targetApplications":[{"id":"{ec8030f7-c20a-464f-9b0e-13a3a9e97384}","minVersion":"45.0a1","maxVersion":"45.0"},{"id":"xpcshell@tests.mozilla.org","minVersion":"0","maxVersion":"10"}],"targetPlatforms":[],"multiprocessCompatible":false,"seen":true}
1512550996088	addons.xpi	DEBUG	getModTime: Recursive scan of loop@mozilla.org
1512550996088	addons.xpi	DEBUG	Updating XPIState for {"id":"{972ce4c6-7e08-4474-a285-3208198ce6fd}","syncGUID":"3wdWfYrxMbZn","location":"app-global","version":"45.0","type":"theme","internalName":"classic/1.0","updateURL":null,"updateKey":null,"optionsURL":null,"optionsType":null,"aboutURL":null,"icons":{"32":"icon.png","48":"icon.png"},"iconURL":null,"icon64URL":null,"defaultLocale":{"name":"Default","description":"The default theme.","creator":"Mozilla","homepageURL":null,"contributors":["Mozilla Contributors"]},"visible":true,"active":true,"userDisabled":false,"appDisabled":false,"descriptor":"C:\\Program Files (x86)\\Mozilla Firefox\\browser\\extensions\\{972ce4c6-7e08-4474-a285-3208198ce6fd}.xpi","installDate":1457051706000,"updateDate":1457051706000,"applyBackgroundUpdates":1,"skinnable":true,"size":22006,"sourceURI":null,"releaseNotesURI":null,"softDisabled":false,"foreignInstall":false,"hasBinaryComponents":false,"strictCompatibility":true,"locales":[],"targetApplications":[{"id":"{ec8030f7-c20a-464f-9b0e-13a3a9e97384}","minVersion":"45.0","maxVersion":"45.0"}],"targetPlatforms":[],"seen":true}
1512550996089	addons.xpi	DEBUG	getModTime: Recursive scan of {972ce4c6-7e08-4474-a285-3208198ce6fd}
1512550996090	DeferredSave.extensions.json	DEBUG	Save changes
1512550996090	addons.xpi	DEBUG	Updating database with changes to installed add-ons
1512550996090	addons.xpi-utils	DEBUG	Updating add-on states
1512550996093	addons.xpi-utils	DEBUG	Writing add-ons list
1512550996100	addons.xpi	DEBUG	Registering manifest for C:\Program Files (x86)\Mozilla Firefox\browser\features\loop@mozilla.org.xpi
1512550996102	addons.xpi	DEBUG	Calling bootstrap method startup on loop@mozilla.org version 0.1
1512550996132	addons.manager	DEBUG	Starting provider: <unnamed-provider>
1512550996133	addons.manager	DEBUG	Registering shutdown blocker for <unnamed-provider>
1512550996133	addons.manager	DEBUG	Provider finished startup: <unnamed-provider>
1512550996247	addons.manager	DEBUG	Registering shutdown blocker for XPIProvider
1512550996247	addons.manager	DEBUG	Provider finished startup: XPIProvider
1512550996248	addons.manager	DEBUG	Starting provider: LightweightThemeManager
1512550996248	addons.manager	DEBUG	Registering shutdown blocker for LightweightThemeManager
1512550996249	addons.manager	DEBUG	Provider finished startup: LightweightThemeManager
1512550996250	addons.manager	DEBUG	Starting provider: GMPProvider
1512550996282	addons.manager	DEBUG	Registering shutdown blocker for GMPProvider
1512550996283	addons.manager	DEBUG	Provider finished startup: GMPProvider
1512550996283	addons.manager	DEBUG	Starting provider: PluginProvider
1512550996283	addons.manager	DEBUG	Registering shutdown blocker for PluginProvider
1512550996283	addons.manager	DEBUG	Provider finished startup: PluginProvider
1512550996284	addons.manager	DEBUG	Completed startup sequence
1512551006370	DeferredSave.extensions.json	DEBUG	Starting write

	at org.openqa.selenium.firefox.internal.NewProfileExtensionConnection.start(NewProfileExtensionConnection.java:113)
	... 34 more
]]>
    </error>
  </testcase> <!-- verifySuccessfulLogin -->
</testsuite> <!-- com.scripts.LoginScenario -->
