<?xml version="1.0" encoding="UTF-8"?>
<!-- Generated by org.testng.reporters.JUnitReportReporter -->
<testsuite hostname="LIN51007274" name="com.capg.test.LoginTest" tests="3" failures="0" timestamp="22 Nov 2019 11:00:01 GMT" time="32.148" errors="0">
  <testcase name="checkLogin" time="10.968" classname="com.capg.test.LoginTest"/>
  <testcase name="checkLogin" time="10.516" classname="com.capg.test.LoginTest"/>
  <testcase name="checkLogin" time="10.664" classname="com.capg.test.LoginTest"/>
</testsuite> <!-- com.capg.test.LoginTest -->
