<?xml version="1.0" encoding="UTF-8"?>
<!-- Generated by org.testng.reporters.JUnitReportReporter -->
<testsuite name="com.wordpress.pages.LoginTestWithPOM" tests="1" time="67.961" ignored="0" failures="0" timestamp="08 Sep 2017 06:59:20 GMT" skipped="0" hostname="purushottam" errors="0">
  <testcase name="verifyLogin" time="67.961" classname="com.wordpress.pages.LoginTestWithPOM"/>
</testsuite> <!-- com.wordpress.pages.LoginTestWithPOM -->
