<?xml version="1.0" encoding="UTF-8"?>
<!-- Generated by org.testng.reporters.JUnitReportReporter -->
<testsuite name="pageObject.LoginTest" tests="1" time="27.986" ignored="0" failures="0" timestamp="07 Sep 2017 18:39:50 GMT" skipped="0" hostname="purushottam" errors="0">
  <testcase name="verifyLogin" time="27.986" classname="pageObject.LoginTest"/>
</testsuite> <!-- pageObject.LoginTest -->
