<?xml version="1.0" encoding="UTF-8"?>
<!-- Generated by org.testng.reporters.JUnitReportReporter -->
<testsuite name="excelFile.TestDDT" tests="2" time="32.158" ignored="0" failures="0" timestamp="08 Sep 2017 07:27:08 GMT" skipped="0" hostname="purushottam" errors="0">
  <testcase name="TestFireFox" time="16.294" classname="excelFile.TestDDT"/>
  <testcase name="TestFireFox" time="15.864" classname="excelFile.TestDDT"/>
</testsuite> <!-- excelFile.TestDDT -->
