<?xml version="1.0" encoding="UTF-8"?>
<!-- Generated by org.testng.reporters.JUnitReportReporter -->
<testsuite name="testNGFramework.Check" tests="1" time="0.010" ignored="0" failures="0" timestamp="11 Sep 2017 03:18:26 GMT" skipped="0" hostname="purushottam" errors="0">
  <testcase name="checkTest" time="0.010" classname="testNGFramework.Check"/>
</testsuite> <!-- testNGFramework.Check -->
