<?xml version="1.0" encoding="UTF-8"?>
<!-- Generated by org.testng.reporters.JUnitReportReporter -->
<testsuite name="testNGFramework.BeforeAndAfterClass" tests="4" time="0.018" ignored="0" failures="0" timestamp="10 Sep 2017 14:52:47 GMT" skipped="0" hostname="purushottam" errors="0">
  <testcase name="secondGroupMethodOne" time="0.002" classname="testNGFramework.BeforeAndAfterClass"/>
  <testcase name="firstGroupMethodOne" time="0.009" classname="testNGFramework.BeforeAndAfterClass"/>
  <testcase name="secondGroupMethodTwo" time="0.003" classname="testNGFramework.BeforeAndAfterClass"/>
  <testcase name="firstGroupMethodTwo" time="0.004" classname="testNGFramework.BeforeAndAfterClass"/>
</testsuite> <!-- testNGFramework.BeforeAndAfterClass -->
