<?xml version="1.0" encoding="UTF-8"?>
<!-- Generated by org.testng.reporters.JUnitReportReporter -->
<testsuite hostname="LIN51007274" name="Com.capg.DemoSelenium43.TestngDemo" tests="1" failures="0" timestamp="21 Nov 2019 10:50:56 GMT" time="0.009" errors="0">
  <testcase name="test1" time="0.009" classname="Com.capg.DemoSelenium43.TestngDemo"/>
</testsuite> <!-- Com.capg.DemoSelenium43.TestngDemo -->
